c:\users\lenovo\dropbox\gasolinnengine\sengine\debug\vc140.pdb
c:\users\lenovo\dropbox\gasolinnengine\sengine\debug\vc140.idb
c:\users\lenovo\dropbox\gasolinnengine\sengine\debug\collider.obj
c:\users\lenovo\dropbox\gasolinnengine\sengine\debug\collision.obj
c:\users\lenovo\dropbox\gasolinnengine\sengine\debug\engine.obj
c:\users\lenovo\dropbox\gasolinnengine\sengine\debug\keyboard.obj
c:\users\lenovo\dropbox\gasolinnengine\sengine\debug\keyevent.obj
c:\users\lenovo\dropbox\gasolinnengine\sengine\debug\label.obj
c:\users\lenovo\dropbox\gasolinnengine\sengine\debug\main.obj
c:\users\lenovo\dropbox\gasolinnengine\sengine\debug\math.obj
c:\users\lenovo\dropbox\gasolinnengine\sengine\debug\mouse.obj
c:\users\lenovo\dropbox\gasolinnengine\sengine\debug\object.obj
c:\users\lenovo\dropbox\gasolinnengine\sengine\debug\panel.obj
c:\users\lenovo\dropbox\gasolinnengine\sengine\debug\resourcemanager.obj
c:\users\lenovo\dropbox\gasolinnengine\sengine\debug\scene.obj
c:\users\lenovo\dropbox\gasolinnengine\sengine\debug\scenemanager.obj
c:\users\lenovo\dropbox\gasolinnengine\sengine\debug\string.obj
c:\users\lenovo\dropbox\gasolinnengine\sengine\debug\system.obj
c:\users\lenovo\dropbox\gasolinnengine\sengine\debug\timer.obj
c:\users\lenovo\dropbox\gasolinnengine\sengine\debug\ui.obj
c:\users\lenovo\dropbox\gasolinnengine\sengine\debug\vector.obj
c:\users\lenovo\dropbox\gasolinnengine\sengine\debug\button.obj
c:\users\lenovo\dropbox\gasolinnengine\sengine\debug\camera.obj
c:\users\lenovo\dropbox\gasolinnengine\sengine\debug\texture.obj
c:\users\parks\dropbox\gasolinnengine\sengine\debug\vc140.pdb
c:\users\parks\dropbox\gasolinnengine\sengine\debug\vc140.idb
c:\users\parks\dropbox\gasolinnengine\sengine\debug\collider.obj
c:\users\parks\dropbox\gasolinnengine\sengine\debug\collision.obj
c:\users\parks\dropbox\gasolinnengine\sengine\debug\engine.obj
c:\users\parks\dropbox\gasolinnengine\sengine\debug\keyboard.obj
c:\users\parks\dropbox\gasolinnengine\sengine\debug\keyevent.obj
c:\users\parks\dropbox\gasolinnengine\sengine\debug\label.obj
c:\users\parks\dropbox\gasolinnengine\sengine\debug\main.obj
c:\users\parks\dropbox\gasolinnengine\sengine\debug\math.obj
c:\users\parks\dropbox\gasolinnengine\sengine\debug\mouse.obj
c:\users\parks\dropbox\gasolinnengine\sengine\debug\object.obj
c:\users\parks\dropbox\gasolinnengine\sengine\debug\panel.obj
c:\users\parks\dropbox\gasolinnengine\sengine\debug\resourcemanager.obj
c:\users\parks\dropbox\gasolinnengine\sengine\debug\scene.obj
c:\users\parks\dropbox\gasolinnengine\sengine\debug\scenemanager.obj
c:\users\parks\dropbox\gasolinnengine\sengine\debug\string.obj
c:\users\parks\dropbox\gasolinnengine\sengine\debug\system.obj
c:\users\parks\dropbox\gasolinnengine\sengine\debug\texture.obj
c:\users\parks\dropbox\gasolinnengine\sengine\debug\timer.obj
c:\users\parks\dropbox\gasolinnengine\sengine\debug\ui.obj
c:\users\parks\dropbox\gasolinnengine\sengine\debug\vector.obj
c:\users\parks\dropbox\gasolinnengine\sengine\debug\button.obj
c:\users\parks\dropbox\gasolinnengine\sengine\debug\camera.obj
c:\users\lenovo\dropbox\gasolinnengine\debug\gasolinnengine.ilk
c:\users\lenovo\dropbox\gasolinnengine\debug\gasolinnengine.exe
c:\users\lenovo\dropbox\gasolinnengine\debug\gasolinnengine.pdb
c:\users\parks\dropbox\gasolinnengine\debug\gasolinnengine.pdb
c:\users\parks\dropbox\gasolinnengine\sengine\debug\gasolinnengine.tlog\cl.command.1.tlog
c:\users\parks\dropbox\gasolinnengine\sengine\debug\gasolinnengine.tlog\cl.read.1.tlog
c:\users\parks\dropbox\gasolinnengine\sengine\debug\gasolinnengine.tlog\cl.write.1.tlog
c:\users\parks\dropbox\gasolinnengine\sengine\debug\gasolinnengine.tlog\link-cvtres.read.1.tlog
c:\users\parks\dropbox\gasolinnengine\sengine\debug\gasolinnengine.tlog\link-cvtres.write.1.tlog
c:\users\parks\dropbox\gasolinnengine\sengine\debug\gasolinnengine.tlog\link-rc.read.1.tlog
c:\users\parks\dropbox\gasolinnengine\sengine\debug\gasolinnengine.tlog\link-rc.write.1.tlog
c:\users\parks\dropbox\gasolinnengine\sengine\debug\gasolinnengine.tlog\link.command.1.tlog
c:\users\parks\dropbox\gasolinnengine\sengine\debug\gasolinnengine.tlog\link.read.1.tlog
c:\users\parks\dropbox\gasolinnengine\sengine\debug\gasolinnengine.tlog\link.write.1.tlog
